<?xml version="1.0" encoding="UTF-8"?>
<!-- Generated by org.testng.reporters.JUnitXMLReporter -->
<testsuite ignored="2" hostname="DESKTOP-H3T3K9E" failures="0" tests="3" name="Test" time="0.219" errors="0" timestamp="2021-11-10T18:33:20 IST">
  <testcase classname="testNG.Class1" name="abcd" time="0.036"/>
  <testcase classname="testNG.Class1" name="abcde" time="0.003"/>
  <testcase classname="testNG.Class1" name="abcdef" time="0.003"/>
  <testcase classname="testNG.Class1" name="abc" time="0.0">
    <ignored/>
  </testcase> <!-- abc -->
  <testcase classname="testNG.Class1" name="demo" time="0.0">
    <ignored/>
  </testcase> <!-- demo -->
</testsuite> <!-- Test -->
