<?xml version="1.0" encoding="UTF-8"?>
<!-- Generated by org.testng.reporters.JUnitXMLReporter -->
<testsuite ignored="1" hostname="DESKTOP-H3T3K9E" failures="0" tests="3" name="Test2" time="0.063" errors="0" timestamp="2021-11-10T18:33:20 IST">
  <testcase classname="testNG.Class2" name="demo4" time="0.005"/>
  <testcase classname="testNG.Class2" name="demo5" time="0.007"/>
  <testcase classname="testNG.Class2" name="dome2" time="0.017"/>
  <testcase classname="testNG.Class2" name="demo3" time="0.0">
    <ignored/>
  </testcase> <!-- demo3 -->
</testsuite> <!-- Test2 -->
