<?xml version="1.0" encoding="UTF-8"?>
<testng-results ignored="0" total="2" passed="2" failed="0" skipped="0">
  <reporter-output>
  </reporter-output>
  <suite started-at="2021-11-14T16:41:52 IST" name="Default suite" finished-at="2021-11-14T16:42:25 IST" duration-ms="33375">
    <groups>
    </groups>
    <test started-at="2021-11-14T16:41:52 IST" name="Default test" finished-at="2021-11-14T16:42:25 IST" duration-ms="33375">
      <class name="practice1.WebTablesSorting">
        <test-method signature="sorting()[pri:0, instance:practice1.WebTablesSorting@29626d54]" started-at="2021-11-14T16:41:52 IST" name="sorting" finished-at="2021-11-14T16:42:25 IST" duration-ms="32629" status="PASS">
          <reporter-output>
          </reporter-output>
        </test-method> <!-- sorting -->
        <test-method signature="table()[pri:0, instance:practice1.WebTablesSorting@29626d54]" started-at="2021-11-14T16:42:25 IST" name="table" finished-at="2021-11-14T16:42:25 IST" depends-on-methods="practice1.WebTablesSorting.sorting" duration-ms="435" status="PASS">
          <reporter-output>
          </reporter-output>
        </test-method> <!-- table -->
      </class> <!-- practice1.WebTablesSorting -->
    </test> <!-- Default test -->
  </suite> <!-- Default suite -->
</testng-results>
