<?xml version="1.0" encoding="UTF-8"?>
<testng-results ignored="0" total="1" passed="1" failed="0" skipped="0">
  <reporter-output>
  </reporter-output>
  <suite started-at="2021-11-13T14:58:18 IST" name="Default suite" finished-at="2021-11-13T14:58:39 IST" duration-ms="21521">
    <groups>
    </groups>
    <test started-at="2021-11-13T14:58:18 IST" name="Default test" finished-at="2021-11-13T14:58:39 IST" duration-ms="21521">
      <class name="testNG.ExtendedRepots">
        <test-method is-config="true" signature="configuration()[pri:0, instance:testNG.ExtendedRepots@3911c2a7]" started-at="2021-11-13T14:58:18 IST" name="configuration" finished-at="2021-11-13T14:58:19 IST" duration-ms="980" status="PASS">
          <reporter-output>
          </reporter-output>
        </test-method> <!-- configuration -->
        <test-method signature="logintoHomePage()[pri:0, instance:testNG.ExtendedRepots@3911c2a7]" started-at="2021-11-13T14:58:19 IST" name="logintoHomePage" finished-at="2021-11-13T14:58:39 IST" duration-ms="20370" status="PASS">
          <reporter-output>
          </reporter-output>
        </test-method> <!-- logintoHomePage -->
      </class> <!-- testNG.ExtendedRepots -->
    </test> <!-- Default test -->
  </suite> <!-- Default suite -->
</testng-results>
